\BOOKMARK [0][-]{section*.3}{\376\377\000\315\000n\000d\000i\000c\000e\000\040\000d\000e\000\040\000c\000o\000n\000t\000e\000n\000i\000d\000o\000s}{}% 1
\BOOKMARK [0][-]{section*.4}{\376\377\000\315\000n\000d\000i\000c\000e\000\040\000d\000e\000\040\000f\000i\000g\000u\000r\000a\000s}{}% 2
\BOOKMARK [0][-]{section*.5}{\376\377\000\315\000n\000d\000i\000c\000e\000\040\000d\000e\000\040\000t\000a\000b\000l\000a\000s}{}% 3
\BOOKMARK [0][-]{section*.5}{\376\377\000\315\000n\000d\000i\000c\000e\000\040\000d\000e\000\040\000a\000l\000g\000o\000r\000i\000t\000m\000o\000s}{}% 4
\BOOKMARK [0][-]{chapter.1}{\376\377\000I\000n\000t\000r\000o\000d\000u\000c\000c\000i\000\363\000n}{}% 5
\BOOKMARK [0][-]{chapter.2}{\376\377\000A\000n\000t\000e\000c\000e\000d\000e\000n\000t\000e\000s}{}% 6
\BOOKMARK [1][-]{section.2.1}{\376\377\000O\000n\000b\000o\000a\000r\000d\000i\000n\000g\000\040\000e\000n\000\040\000p\000r\000o\000y\000e\000c\000t\000o\000s\000\040\000s\000o\000f\000t\000w\000a\000r\000e}{chapter.2}% 7
\BOOKMARK [2][-]{subsection.2.1.1}{\376\377\000T\000r\000a\000b\000a\000j\000o\000\040\000p\000r\000e\000v\000i\000o}{section.2.1}% 8
\BOOKMARK [1][-]{section.2.2}{\376\377\000A\000g\000e\000n\000t\000e\000s\000\040\000d\000e\000\040\000G\000r\000a\000n\000d\000e\000s\000\040\000M\000o\000d\000e\000l\000o\000s\000\040\000d\000e\000\040\000L\000e\000n\000g\000u\000a\000j\000e\000\040\000\050\000L\000L\000M\000\051}{chapter.2}% 9
\BOOKMARK [2][-]{subsection.2.2.1}{\376\377\000M\000o\000d\000e\000l\000o\000s\000\040\000L\000L\000M}{section.2.2}% 10
\BOOKMARK [2][-]{subsection.2.2.2}{\376\377\000I\000n\000t\000e\000r\000a\000c\000c\000i\000\363\000n\000\040\000c\000o\000n\000\040\000h\000e\000r\000r\000a\000m\000i\000e\000n\000t\000a\000s\000\040\000e\000x\000t\000e\000r\000n\000a\000s}{section.2.2}% 11
\BOOKMARK [2][-]{subsection.2.2.3}{\376\377\000A\000b\000s\000t\000r\000a\000c\000c\000i\000o\000n\000e\000s\000\040\000e\000n\000\040\000f\000r\000a\000m\000e\000w\000o\000r\000k\000s}{section.2.2}% 12
\BOOKMARK [1][-]{section.2.3}{\376\377\000M\000o\000d\000e\000l\000\040\000C\000o\000n\000t\000e\000x\000t\000\040\000P\000r\000o\000t\000o\000c\000o\000l\000\040\000\050\000M\000C\000P\000\051}{chapter.2}% 13
\BOOKMARK [1][-]{section.2.4}{\376\377\000E\000s\000t\000a\000d\000o\000\040\000d\000e\000l\000\040\000a\000r\000t\000e\000\040\000e\000n\000\040\000a\000r\000q\000u\000i\000t\000e\000c\000t\000u\000r\000a\000s\000\040\000d\000e\000\040\000a\000g\000e\000n\000t\000e\000s\000\040\000L\000L\000M}{chapter.2}% 14
\BOOKMARK [2][-]{subsection.2.4.1}{\376\377\000A\000r\000q\000u\000i\000t\000e\000c\000t\000u\000r\000a\000\040\000R\000A\000G}{section.2.4}% 15
\BOOKMARK [2][-]{subsection.2.4.2}{\376\377\000A\000r\000q\000u\000i\000t\000e\000c\000t\000u\000r\000a\000s\000\040\000d\000e\000\040\000i\000n\000t\000e\000r\000a\000c\000c\000i\000\363\000n\000\040\000e\000n\000t\000r\000e\000\040\000a\000g\000e\000n\000t\000e\000s}{section.2.4}% 16
\BOOKMARK [2][-]{subsection.2.4.3}{\376\377\000E\000v\000a\000l\000u\000a\000c\000i\000\363\000n\000\040\000d\000e\000\040\000a\000g\000e\000n\000t\000e\000s}{section.2.4}% 17
\BOOKMARK [1][-]{section.2.5}{\376\377\000A\000g\000e\000n\000t\000e\000s\000\040\000L\000L\000M\000\040\000e\000n\000\040\000p\000r\000o\000y\000e\000c\000t\000o\000s\000\040\000s\000o\000f\000t\000w\000a\000r\000e}{chapter.2}% 18
\BOOKMARK [1][-]{section.2.6}{\376\377\000A\000j\000u\000s\000t\000e\000\040\000d\000e\000\040\000m\000o\000d\000e\000l\000o\000s\000\040\000p\000a\000r\000a\000\040\000a\000g\000e\000n\000t\000e\000s\000\040\000L\000L\000M}{chapter.2}% 19
\BOOKMARK [0][-]{chapter.3}{\376\377\000P\000l\000a\000n\000i\000f\000i\000c\000a\000c\000i\000\363\000n}{}% 20
\BOOKMARK [1][-]{section.3.1}{\376\377\000A\000l\000c\000a\000n\000c\000e}{chapter.3}% 21
\BOOKMARK [2][-]{subsection.3.1.1}{\376\377\000O\000b\000j\000e\000t\000i\000v\000o\000s\000\040\000c\000o\000n\000c\000r\000e\000t\000o\000s\000\040\000d\000e\000l\000\040\000p\000r\000o\000y\000e\000c\000t\000o}{section.3.1}% 22
\BOOKMARK [2][-]{subsection.3.1.2}{\376\377\000F\000a\000s\000e\000s\000\040\000d\000e\000l\000\040\000p\000r\000o\000y\000e\000c\000t\000o}{section.3.1}% 23
\BOOKMARK [2][-]{subsection.3.1.3}{\376\377\000D\000e\000s\000c\000o\000m\000p\000o\000s\000i\000c\000i\000\363\000n\000\040\000d\000e\000\040\000t\000a\000r\000e\000a\000s}{section.3.1}% 24
\BOOKMARK [1][-]{section.3.2}{\376\377\000P\000e\000r\000i\000o\000d\000o\000s\000\040\000d\000e\000\040\000r\000e\000a\000l\000i\000z\000a\000c\000i\000\363\000n\000\040\000d\000e\000\040\000t\000a\000r\000e\000a\000s\000\040\000e\000\040\000h\000i\000t\000o\000s}{chapter.3}% 25
\BOOKMARK [2][-]{subsection.3.2.1}{\376\377\000D\000e\000p\000e\000n\000d\000e\000n\000c\000i\000a\000s\000\040\000e\000n\000t\000r\000e\000\040\000t\000a\000r\000e\000a\000s}{section.3.2}% 26
\BOOKMARK [2][-]{subsection.3.2.2}{\376\377\000D\000i\000a\000g\000r\000a\000m\000a\000\040\000d\000e\000\040\000G\000a\000n\000t\000t}{section.3.2}% 27
\BOOKMARK [2][-]{subsection.3.2.3}{\376\377\000H\000i\000t\000o\000s}{section.3.2}% 28
\BOOKMARK [1][-]{section.3.3}{\376\377\000G\000e\000s\000t\000i\000\363\000n\000\040\000d\000e\000l\000\040\000t\000i\000e\000m\000p\000o}{chapter.3}% 29
\BOOKMARK [2][-]{subsection.3.3.1}{\376\377\000E\000s\000t\000i\000m\000a\000c\000i\000\363\000n\000\040\000d\000e\000\040\000c\000a\000d\000a\000\040\000t\000a\000r\000e\000a}{section.3.3}% 30
\BOOKMARK [1][-]{section.3.4}{\376\377\000G\000e\000s\000t\000i\000\363\000n\000\040\000d\000e\000\040\000r\000i\000e\000s\000g\000o\000s}{chapter.3}% 31
\BOOKMARK [1][-]{section.3.5}{\376\377\000G\000e\000s\000t\000i\000\363\000n\000\040\000d\000e\000\040\000i\000n\000t\000e\000r\000e\000s\000a\000d\000o\000s}{chapter.3}% 32
\BOOKMARK [1][-]{section.3.6}{\376\377\000G\000e\000s\000t\000i\000\363\000n\000\040\000d\000e\000\040\000C\000o\000m\000u\000n\000i\000c\000a\000c\000i\000o\000n\000e\000s\000\040\000e\000\040\000I\000n\000f\000o\000r\000m\000a\000c\000i\000\363\000n}{chapter.3}% 33
\BOOKMARK [2][-]{subsection.3.6.1}{\376\377\000S\000i\000s\000t\000e\000m\000a\000\040\000d\000e\000\040\000i\000n\000f\000o\000r\000m\000a\000c\000i\000\363\000n}{section.3.6}% 34
\BOOKMARK [2][-]{subsection.3.6.2}{\376\377\000S\000i\000s\000t\000e\000m\000a\000\040\000d\000e\000\040\000c\000o\000m\000u\000n\000i\000c\000a\000c\000i\000\363\000n}{section.3.6}% 35
\BOOKMARK [1][-]{section.3.7}{\376\377\000H\000e\000r\000r\000a\000m\000i\000e\000n\000t\000a\000s\000\040\000d\000i\000s\000p\000o\000n\000i\000b\000l\000e\000s}{chapter.3}% 36
\BOOKMARK [0][-]{chapter.4}{\376\377\000C\000a\000p\000t\000u\000r\000a\000\040\000d\000e\000\040\000r\000e\000q\000u\000i\000s\000i\000t\000o\000s}{}% 37
\BOOKMARK [1][-]{section.4.1}{\376\377\000R\000e\000q\000u\000i\000s\000i\000t\000o\000s\000\040\000p\000r\000i\000n\000c\000i\000p\000a\000l\000e\000s}{chapter.4}% 38
\BOOKMARK [2][-]{subsection.4.1.1}{\376\377\000R\000e\000q\000u\000i\000s\000i\000t\000o\000s\000\040\000f\000u\000n\000c\000i\000o\000n\000a\000l\000e\000s}{section.4.1}% 39
\BOOKMARK [2][-]{subsection.4.1.2}{\376\377\000R\000e\000q\000u\000i\000s\000i\000t\000o\000s\000\040\000n\000o\000\040\000f\000u\000n\000c\000i\000o\000n\000a\000l\000e\000s}{section.4.1}% 40
\BOOKMARK [1][-]{section.4.2}{\376\377\000D\000o\000m\000i\000n\000i\000o\000s\000\040\000d\000e\000\040\000c\000o\000n\000o\000c\000i\000m\000i\000e\000n\000t\000o}{chapter.4}% 41
\BOOKMARK [2][-]{subsection.4.2.1}{\376\377\000A\000n\000o\000t\000a\000c\000i\000\363\000n\000\040\000d\000e\000\040\000p\000r\000e\000g\000u\000n\000t\000a\000s}{section.4.2}% 42
\BOOKMARK [2][-]{subsection.4.2.2}{\376\377\000M\000e\000t\000o\000d\000o\000l\000o\000g\000\355\000a\000\040\000e\000m\000p\000r\000e\000s\000a\000r\000i\000a\000l}{section.4.2}% 43
\BOOKMARK [1][-]{section.4.3}{\376\377\000R\000e\000c\000u\000r\000s\000o\000s\000\040\000a\000\040\000u\000t\000i\000l\000i\000z\000a\000r}{chapter.4}% 44
\BOOKMARK [2][-]{subsection.4.3.1}{\376\377\000P\000r\000o\000y\000e\000c\000t\000o\000\040\000s\000o\000f\000t\000w\000a\000r\000e}{section.4.3}% 45
\BOOKMARK [2][-]{subsection.4.3.2}{\376\377\000R\000e\000c\000u\000r\000s\000o\000s\000\040\000g\000e\000n\000e\000r\000a\000d\000o\000s}{section.4.3}% 46
\BOOKMARK [0][-]{chapter.5}{\376\377\000D\000i\000s\000e\000\361\000o\000\040\000d\000e\000l\000\040\000s\000i\000s\000t\000e\000m\000a}{}% 47
\BOOKMARK [1][-]{section.5.1}{\376\377\000D\000i\000s\000e\000\361\000o\000\040\000d\000e\000\040\000a\000g\000e\000n\000t\000e\000s}{chapter.5}% 48
\BOOKMARK [1][-]{section.5.2}{\376\377\000A\000r\000q\000u\000i\000t\000e\000c\000t\000u\000r\000a\000\040\000d\000e\000l\000\040\000s\000i\000s\000t\000e\000m\000a}{chapter.5}% 49
\BOOKMARK [2][-]{subsection.5.2.1}{\376\377\000D\000i\000a\000g\000r\000a\000m\000a\000\040\000d\000e\000\040\000a\000g\000e\000n\000t\000e\000s}{section.5.2}% 50
\BOOKMARK [1][-]{section.5.3}{\376\377\000S\000e\000r\000v\000i\000d\000o\000r\000e\000s\000\040\000M\000C\000P\000\040\000u\000t\000i\000l\000i\000z\000a\000d\000o\000s}{chapter.5}% 51
\BOOKMARK [2][-]{subsection.5.3.1}{\376\377\000S\000e\000r\000v\000i\000d\000o\000r\000e\000s\000\040\000S\000S\000E}{section.5.3}% 52
\BOOKMARK [2][-]{subsection.5.3.2}{\376\377\000S\000e\000r\000v\000i\000d\000o\000r\000e\000s\000\040\000S\000T\000D\000I\000O}{section.5.3}% 53
\BOOKMARK [1][-]{section.5.4}{\376\377\000C\000l\000i\000e\000n\000t\000e\000\040\000M\000C\000P}{chapter.5}% 54
\BOOKMARK [1][-]{section.5.5}{\376\377\000E\000s\000t\000r\000u\000c\000t\000u\000r\000a\000\040\000d\000e\000l\000\040\000p\000r\000o\000y\000e\000c\000t\000o}{chapter.5}% 55
\BOOKMARK [0][-]{chapter.6}{\376\377\000A\000g\000e\000n\000t\000e\000s\000\040\000e\000s\000p\000e\000c\000i\000a\000l\000i\000z\000a\000d\000o\000s}{}% 56
\BOOKMARK [1][-]{section.6.1}{\376\377\000E\000s\000t\000r\000u\000c\000t\000u\000r\000a\000\040\000S\000p\000e\000c\000i\000a\000l\000i\000z\000e\000d\000A\000g\000e\000n\000t}{chapter.6}% 57
\BOOKMARK [2][-]{subsection.6.1.1}{\376\377\000G\000e\000s\000t\000i\000\363\000n\000\040\000d\000e\000\040\000h\000e\000r\000r\000a\000m\000i\000e\000n\000t\000a\000s}{section.6.1}% 58
\BOOKMARK [2][-]{subsection.6.1.2}{\376\377\000S\000i\000s\000t\000e\000m\000a\000\040\000d\000e\000\040\000c\000i\000t\000a\000s}{section.6.1}% 59
\BOOKMARK [1][-]{section.6.2}{\376\377\000A\000g\000e\000n\000t\000e\000s\000\040\000i\000m\000p\000l\000e\000m\000e\000n\000t\000a\000d\000o\000s}{chapter.6}% 60
\BOOKMARK [2][-]{subsection.6.2.1}{\376\377\000A\000g\000e\000n\000t\000e\000\040\000c\000\363\000d\000i\000g\000o}{section.6.2}% 61
\BOOKMARK [2][-]{subsection.6.2.2}{\376\377\000A\000g\000e\000n\000t\000e\000\040\000G\000o\000o\000g\000l\000e\000\040\000D\000r\000i\000v\000e}{section.6.2}% 62
\BOOKMARK [2][-]{subsection.6.2.3}{\376\377\000A\000g\000e\000n\000t\000e\000\040\000S\000i\000s\000t\000e\000m\000a\000\040\000d\000e\000\040\000F\000i\000c\000h\000e\000r\000o\000s}{section.6.2}% 63
\BOOKMARK [2][-]{subsection.6.2.4}{\376\377\000A\000g\000e\000n\000t\000e\000\040\000C\000o\000n\000f\000l\000u\000e\000n\000c\000e}{section.6.2}% 64
\BOOKMARK [2][-]{subsection.6.2.5}{\376\377\000A\000g\000e\000n\000t\000e\000\040\000G\000i\000t\000L\000a\000b}{section.6.2}% 65
\BOOKMARK [0][-]{chapter.7}{\376\377\000O\000r\000q\000u\000e\000s\000t\000a\000c\000i\000\363\000n\000\040\000d\000e\000\040\000a\000g\000e\000n\000t\000e\000s}{}% 66
\BOOKMARK [1][-]{section.7.1}{\376\377\000A\000g\000e\000n\000t\000e\000\040\000P\000r\000i\000n\000c\000i\000p\000a\000l}{chapter.7}% 67
\BOOKMARK [2][-]{subsection.7.1.1}{\376\377\000R\000e\000s\000p\000u\000e\000s\000t\000a\000\040\000e\000s\000t\000r\000u\000c\000t\000u\000r\000a\000d\000a}{section.7.1}% 68
\BOOKMARK [2][-]{subsection.7.1.2}{\376\377\000A\000g\000e\000n\000t\000e\000\040\000P\000l\000a\000n\000i\000f\000i\000c\000a\000d\000o\000r}{section.7.1}% 69
\BOOKMARK [1][-]{section.7.2}{\376\377\000A\000g\000e\000n\000t\000e\000\040\000o\000r\000q\000u\000e\000s\000t\000a\000d\000o\000r}{chapter.7}% 70
\BOOKMARK [1][-]{section.7.3}{\376\377\000V\000a\000r\000i\000a\000c\000i\000o\000n\000e\000s\000\040\000d\000e\000\040\000o\000r\000q\000u\000e\000s\000t\000a\000c\000i\000\363\000n}{chapter.7}% 71
\BOOKMARK [2][-]{subsection.7.3.1}{\376\377\000C\000a\000s\000o\000\040\000p\000r\000\341\000c\000t\000i\000c\000o}{section.7.3}% 72
\BOOKMARK [0][-]{chapter.8}{\376\377\000M\000e\000j\000o\000r\000a\000s\000\040\000i\000n\000t\000r\000o\000d\000u\000c\000i\000d\000a\000s}{}% 73
\BOOKMARK [1][-]{section.8.1}{\376\377\000P\000r\000o\000m\000p\000t\000i\000n\000g\000\040\000F\000e\000w\000-\000S\000h\000o\000t}{chapter.8}% 74
\BOOKMARK [1][-]{section.8.2}{\376\377\000M\000e\000m\000o\000r\000i\000a\000\040\000p\000e\000r\000s\000i\000s\000t\000e\000n\000t\000e}{chapter.8}% 75
\BOOKMARK [2][-]{subsection.8.2.1}{\376\377\000A\000g\000r\000u\000p\000a\000c\000i\000\363\000n\000\040\000d\000e\000\040\000m\000e\000m\000o\000r\000i\000a}{section.8.2}% 76
\BOOKMARK [1][-]{section.8.3}{\376\377\000D\000i\000s\000e\000\361\000o\000\040\000a\000d\000a\000p\000t\000a\000t\000i\000v\000o}{chapter.8}% 77
\BOOKMARK [2][-]{subsection.8.3.1}{\376\377\000C\000r\000i\000t\000e\000r\000i\000o\000s\000\040\000d\000e\000\040\000c\000l\000a\000s\000i\000f\000i\000c\000a\000c\000i\000\363\000n}{section.8.3}% 78
\BOOKMARK [2][-]{subsection.8.3.2}{\376\377\000A\000u\000m\000e\000n\000t\000o\000\040\000d\000e\000\040\000d\000a\000t\000o\000s}{section.8.3}% 79
\BOOKMARK [2][-]{subsection.8.3.3}{\376\377\000C\000l\000a\000s\000i\000f\000i\000c\000a\000c\000i\000\363\000n\000\040\000d\000e\000\040\000p\000r\000e\000g\000u\000n\000t\000a\000s}{section.8.3}% 80
\BOOKMARK [0][-]{chapter.9}{\376\377\000E\000v\000a\000l\000u\000a\000c\000i\000\363\000n}{}% 81
\BOOKMARK [1][-]{section.9.1}{\376\377\000S\000i\000s\000t\000e\000m\000a\000\040\000d\000e\000\040\000e\000v\000a\000l\000u\000a\000c\000i\000\363\000n}{chapter.9}% 82
\BOOKMARK [2][-]{subsection.9.1.1}{\376\377\000M\000\351\000t\000r\000i\000c\000a\000s\000\040\000d\000e\000\040\000e\000v\000a\000l\000u\000a\000c\000i\000\363\000n}{section.9.1}% 83
\BOOKMARK [2][-]{subsection.9.1.2}{\376\377\000I\000m\000p\000l\000e\000m\000e\000n\000t\000a\000c\000i\000\363\000n\000\040\000d\000e\000\040\000e\000v\000a\000l\000u\000a\000c\000i\000\363\000n}{section.9.1}% 84
\BOOKMARK [2][-]{subsection.9.1.3}{\376\377\000D\000a\000t\000a\000s\000e\000t\000\040\000g\000r\000o\000u\000n\000d\000\040\000t\000r\000u\000t\000h}{section.9.1}% 85
\BOOKMARK [1][-]{section.9.2}{\376\377\000R\000e\000s\000u\000l\000t\000a\000d\000o\000s\000\040\000o\000b\000t\000e\000n\000i\000d\000o\000s}{chapter.9}% 86
\BOOKMARK [2][-]{subsection.9.2.1}{\376\377\000M\000e\000j\000o\000r\000a\000\040\000d\000e\000\040\000v\000e\000r\000s\000i\000\363\000n\000\040\000i\000n\000i\000c\000i\000a\000l}{section.9.2}% 87
\BOOKMARK [2][-]{subsection.9.2.2}{\376\377\000V\000a\000r\000i\000a\000c\000i\000o\000n\000e\000s\000\040\000d\000e\000\040\000o\000r\000q\000u\000e\000s\000t\000a\000c\000i\000\363\000n}{section.9.2}% 88
\BOOKMARK [2][-]{subsection.9.2.3}{\376\377\000I\000n\000t\000e\000g\000r\000a\000c\000i\000\363\000n\000\040\000d\000e\000\040\000m\000e\000m\000o\000r\000i\000a}{section.9.2}% 89
\BOOKMARK [0][-]{chapter.10}{\376\377\000S\000e\000g\000u\000i\000m\000i\000e\000n\000t\000o\000\040\000y\000\040\000c\000o\000n\000t\000r\000o\000l}{}% 90
\BOOKMARK [1][-]{section.10.1}{\376\377\000G\000e\000s\000t\000i\000\363\000n\000\040\000d\000e\000l\000\040\000a\000l\000c\000a\000n\000c\000e}{chapter.10}% 91
\BOOKMARK [1][-]{section.10.2}{\376\377\000G\000e\000s\000t\000i\000\363\000n\000\040\000d\000e\000\040\000r\000i\000e\000s\000g\000o\000s}{chapter.10}% 92
\BOOKMARK [2][-]{subsection.10.2.1}{\376\377\000R\0001\000-\000C\000o\000n\000c\000u\000r\000r\000e\000n\000c\000i\000a\000\040\000e\000x\000p\000l\000o\000r\000a\000t\000o\000r\000i\000a}{section.10.2}% 93
\BOOKMARK [2][-]{subsection.10.2.2}{\376\377\000R\0002\000-\000V\000a\000r\000i\000a\000b\000i\000l\000i\000d\000a\000d\000\040\000d\000e\000l\000\040\000a\000l\000c\000a\000n\000c\000e}{section.10.2}% 94
\BOOKMARK [2][-]{subsection.10.2.3}{\376\377\000R\0004\000-\000F\000i\000l\000t\000r\000a\000d\000o\000\040\000d\000e\000\040\000c\000r\000e\000d\000e\000n\000c\000i\000a\000l\000e\000s}{section.10.2}% 95
\BOOKMARK [2][-]{subsection.10.2.4}{\376\377\000R\0005\000-\000P\000\351\000r\000d\000i\000d\000a\000\040\000d\000e\000\040\000r\000e\000c\000u\000r\000s\000o\000s}{section.10.2}% 96
\BOOKMARK [1][-]{section.10.3}{\376\377\000G\000e\000s\000t\000i\000\363\000n\000\040\000d\000e\000l\000\040\000t\000i\000e\000m\000p\000o}{chapter.10}% 97
\BOOKMARK [2][-]{subsection.10.3.1}{\376\377\000G\000e\000s\000t\000i\000\363\000n\000\040\000d\000e\000\040\000f\000e\000c\000h\000a\000s}{section.10.3}% 98
\BOOKMARK [2][-]{subsection.10.3.2}{\376\377\000D\000e\000d\000i\000c\000a\000c\000i\000o\000n\000e\000s}{section.10.3}% 99
\BOOKMARK [0][-]{chapter.11}{\376\377\000R\000e\000t\000o\000s}{}% 100
\BOOKMARK [1][-]{section.11.1}{\376\377\000A\000n\000\341\000l\000i\000s\000i\000s\000\040\000y\000\040\000d\000i\000s\000e\000\361\000o}{chapter.11}% 101
\BOOKMARK [1][-]{section.11.2}{\376\377\000C\000o\000m\000p\000o\000r\000t\000a\000m\000i\000e\000n\000t\000o\000\040\000d\000e\000\040\000a\000g\000e\000n\000t\000e\000s}{chapter.11}% 102
\BOOKMARK [1][-]{section.11.3}{\376\377\000D\000e\000s\000a\000f\000\355\000o\000s\000\040\000t\000\351\000c\000n\000i\000c\000o\000s}{chapter.11}% 103
\BOOKMARK [0][-]{chapter.12}{\376\377\000C\000o\000n\000c\000l\000u\000s\000i\000o\000n\000e\000s\000\040\000y\000\040\000l\000\355\000n\000e\000a\000s\000\040\000f\000u\000t\000u\000r\000a\000s}{}% 104
\BOOKMARK [1][-]{section.12.1}{\376\377\000C\000o\000n\000c\000l\000u\000s\000i\000o\000n\000e\000s}{chapter.12}% 105
\BOOKMARK [2][-]{subsection.12.1.1}{\376\377\000L\000\355\000n\000e\000a\000s\000\040\000g\000e\000n\000e\000r\000a\000l\000e\000s}{section.12.1}% 106
\BOOKMARK [2][-]{subsection.12.1.2}{\376\377\000P\000r\000o\000t\000o\000c\000o\000l\000o\000\040\000M\000C\000P}{section.12.1}% 107
\BOOKMARK [2][-]{subsection.12.1.3}{\376\377\000O\000r\000q\000u\000e\000s\000t\000a\000c\000i\000\363\000n\000\040\000d\000e\000\040\000a\000g\000e\000n\000t\000e\000s}{section.12.1}% 108
\BOOKMARK [1][-]{section.12.2}{\376\377\000O\000b\000j\000e\000t\000i\000v\000o\000s\000\040\000d\000e\000l\000\040\000p\000r\000o\000y\000e\000c\000t\000o}{chapter.12}% 109
\BOOKMARK [1][-]{section.12.3}{\376\377\000L\000e\000c\000c\000i\000o\000n\000e\000s\000\040\000a\000p\000r\000e\000n\000d\000i\000d\000a\000s}{chapter.12}% 110
\BOOKMARK [1][-]{section.12.4}{\376\377\000L\000\355\000n\000e\000a\000s\000\040\000f\000u\000t\000u\000r\000a\000s}{chapter.12}% 111
\BOOKMARK [0][-]{appendix.Alph1}{\376\377\000D\000e\000f\000i\000n\000i\000c\000i\000\363\000n\000\040\000d\000e\000\040\000t\000\351\000r\000m\000i\000n\000o\000s\000\040\000t\000\351\000c\000n\000i\000c\000o\000s}{}% 112
\BOOKMARK [1][-]{section.Alph1.1}{\376\377\000C\000o\000n\000j\000u\000n\000t\000o\000\040\000d\000e\000\040\000d\000a\000t\000o\000s\000\040\000e\000t\000i\000q\000u\000e\000t\000a\000d\000o\000s}{appendix.Alph1}% 113
\BOOKMARK [1][-]{section.Alph1.2}{\376\377\000E\000n\000t\000r\000e\000n\000a\000m\000i\000e\000n\000t\000o\000\040\000d\000e\000\040\000r\000e\000d\000e\000s\000\040\000n\000e\000u\000r\000o\000n\000a\000l\000e\000s}{appendix.Alph1}% 114
\BOOKMARK [1][-]{section.Alph1.3}{\376\377\000D\000i\000s\000t\000a\000n\000c\000i\000a\000\040\000c\000o\000s\000e\000n\000o}{appendix.Alph1}% 115
\BOOKMARK [1][-]{section.Alph1.4}{\376\377\000T\000o\000k\000e\000n\000i\000z\000a\000d\000o\000r}{appendix.Alph1}% 116
\BOOKMARK [1][-]{section.Alph1.5}{\376\377\000P\000o\000o\000l\000\040\000d\000e\000\040\000c\000o\000n\000e\000x\000i\000o\000n\000e\000s\000\040\000a\000s\000\355\000n\000c\000r\000o\000n\000a\000s}{appendix.Alph1}% 117
\BOOKMARK [0][-]{appendix.Alph2}{\376\377\000E\000l\000i\000c\000i\000t\000a\000c\000i\000\363\000n\000\040\000d\000e\000\040\000p\000r\000e\000g\000u\000n\000t\000a\000s}{}% 118
\BOOKMARK [0][-]{appendix.Alph3}{\376\377\000A\000c\000t\000a\000s\000\040\000d\000e\000\040\000r\000e\000u\000n\000i\000o\000n\000e\000s}{}% 119
\BOOKMARK [1][-]{section.Alph3.1}{\376\377\000A\000c\000t\000a\000\040\000d\000e\000\040\000r\000e\000u\000n\000i\000\363\000n\000\040\000T\000F\000G\000\040\000\050\0002\0005\000/\0000\0002\000/\0002\0000\0002\0005\000\051}{appendix.Alph3}% 120
\BOOKMARK [2][-]{subsection.Alph3.1.1}{\376\377\000O\000r\000d\000e\000n\000\040\000d\000e\000l\000\040\000d\000\355\000a}{section.Alph3.1}% 121
\BOOKMARK [2][-]{subsection.Alph3.1.2}{\376\377\000R\000e\000s\000u\000m\000e\000n\000\040\000d\000e\000\040\000l\000a\000\040\000r\000e\000u\000n\000i\000\363\000n}{section.Alph3.1}% 122
\BOOKMARK [2][-]{subsection.Alph3.1.3}{\376\377\000E\000s\000t\000a\000d\000o\000\040\000d\000e\000l\000\040\000p\000r\000o\000y\000e\000c\000t\000o}{section.Alph3.1}% 123
\BOOKMARK [2][-]{subsection.Alph3.1.4}{\376\377\000D\000e\000c\000i\000s\000i\000o\000n\000e\000s}{section.Alph3.1}% 124
\BOOKMARK [1][-]{section.Alph3.2}{\376\377\000A\000c\000t\000a\000\040\000d\000e\000\040\000r\000e\000u\000n\000i\000\363\000n\000\040\000T\000F\000G\000\040\000\050\0001\0002\000/\0000\0003\000/\0002\0000\0002\0005\000\051}{appendix.Alph3}% 125
\BOOKMARK [2][-]{subsection.Alph3.2.1}{\376\377\000O\000r\000d\000e\000n\000\040\000d\000e\000l\000\040\000d\000\355\000a}{section.Alph3.2}% 126
\BOOKMARK [2][-]{subsection.Alph3.2.2}{\376\377\000R\000e\000s\000u\000m\000e\000n\000\040\000d\000e\000\040\000l\000a\000\040\000r\000e\000u\000n\000i\000\363\000n}{section.Alph3.2}% 127
\BOOKMARK [2][-]{subsection.Alph3.2.3}{\376\377\000E\000s\000t\000a\000d\000o\000\040\000d\000e\000l\000\040\000p\000r\000o\000y\000e\000c\000t\000o}{section.Alph3.2}% 128
\BOOKMARK [2][-]{subsection.Alph3.2.4}{\376\377\000D\000e\000c\000i\000s\000i\000o\000n\000e\000s}{section.Alph3.2}% 129
\BOOKMARK [1][-]{section.Alph3.3}{\376\377\000A\000c\000t\000a\000\040\000d\000e\000\040\000r\000e\000u\000n\000i\000\363\000n\000\040\000T\000F\000G\000\040\000\050\0002\0000\000/\0000\0003\000/\0002\0000\0002\0005\000\051}{appendix.Alph3}% 130
\BOOKMARK [2][-]{subsection.Alph3.3.1}{\376\377\000O\000r\000d\000e\000n\000\040\000d\000e\000l\000\040\000d\000\355\000a}{section.Alph3.3}% 131
\BOOKMARK [2][-]{subsection.Alph3.3.2}{\376\377\000R\000e\000s\000u\000m\000e\000n\000\040\000d\000e\000\040\000l\000a\000\040\000r\000e\000u\000n\000i\000\363\000n}{section.Alph3.3}% 132
\BOOKMARK [2][-]{subsection.Alph3.3.3}{\376\377\000E\000s\000t\000a\000d\000o\000\040\000d\000e\000l\000\040\000p\000r\000o\000y\000e\000c\000t\000o}{section.Alph3.3}% 133
\BOOKMARK [2][-]{subsection.Alph3.3.4}{\376\377\000D\000e\000c\000i\000s\000i\000o\000n\000e\000s}{section.Alph3.3}% 134
\BOOKMARK [1][-]{section.Alph3.4}{\376\377\000A\000c\000t\000a\000\040\000d\000e\000\040\000r\000e\000u\000n\000i\000\363\000n\000\040\000T\000F\000G\000\040\000\050\0000\0002\000/\0000\0004\000/\0002\0000\0002\0005\000\051}{appendix.Alph3}% 135
\BOOKMARK [2][-]{subsection.Alph3.4.1}{\376\377\000O\000r\000d\000e\000n\000\040\000d\000e\000l\000\040\000d\000\355\000a}{section.Alph3.4}% 136
\BOOKMARK [2][-]{subsection.Alph3.4.2}{\376\377\000R\000e\000s\000u\000m\000e\000n\000\040\000d\000e\000\040\000l\000a\000\040\000r\000e\000u\000n\000i\000\363\000n}{section.Alph3.4}% 137
\BOOKMARK [2][-]{subsection.Alph3.4.3}{\376\377\000E\000s\000t\000a\000d\000o\000\040\000d\000e\000l\000\040\000p\000r\000o\000y\000e\000c\000t\000o}{section.Alph3.4}% 138
\BOOKMARK [2][-]{subsection.Alph3.4.4}{\376\377\000D\000e\000c\000i\000s\000i\000o\000n\000e\000s}{section.Alph3.4}% 139
\BOOKMARK [1][-]{section.Alph3.5}{\376\377\000A\000c\000t\000a\000\040\000d\000e\000\040\000r\000e\000u\000n\000i\000\363\000n\000\040\000T\000F\000G\000\040\000\050\0000\0004\000/\0000\0004\000/\0002\0000\0002\0005\000\051}{appendix.Alph3}% 140
\BOOKMARK [2][-]{subsection.Alph3.5.1}{\376\377\000O\000r\000d\000e\000n\000\040\000d\000e\000l\000\040\000d\000\355\000a}{section.Alph3.5}% 141
\BOOKMARK [2][-]{subsection.Alph3.5.2}{\376\377\000R\000e\000s\000u\000m\000e\000n\000\040\000d\000e\000\040\000l\000a\000\040\000r\000e\000u\000n\000i\000\363\000n}{section.Alph3.5}% 142
\BOOKMARK [2][-]{subsection.Alph3.5.3}{\376\377\000D\000e\000c\000i\000s\000i\000o\000n\000e\000s}{section.Alph3.5}% 143
\BOOKMARK [1][-]{section.Alph3.6}{\376\377\000A\000c\000t\000a\000\040\000d\000e\000\040\000r\000e\000u\000n\000i\000\363\000n\000\040\000T\000F\000G\000\040\000\050\0001\0005\000/\0000\0004\000/\0002\0000\0002\0005\000\051}{appendix.Alph3}% 144
\BOOKMARK [2][-]{subsection.Alph3.6.1}{\376\377\000O\000r\000d\000e\000n\000\040\000d\000e\000l\000\040\000d\000\355\000a}{section.Alph3.6}% 145
\BOOKMARK [2][-]{subsection.Alph3.6.2}{\376\377\000R\000e\000s\000u\000m\000e\000n\000\040\000d\000e\000\040\000l\000a\000\040\000r\000e\000u\000n\000i\000\363\000n}{section.Alph3.6}% 146
\BOOKMARK [2][-]{subsection.Alph3.6.3}{\376\377\000E\000s\000t\000a\000d\000o\000\040\000d\000e\000l\000\040\000p\000r\000o\000y\000e\000c\000t\000o}{section.Alph3.6}% 147
\BOOKMARK [2][-]{subsection.Alph3.6.4}{\376\377\000D\000e\000c\000i\000s\000i\000o\000n\000e\000s}{section.Alph3.6}% 148
\BOOKMARK [1][-]{section.Alph3.7}{\376\377\000A\000c\000t\000a\000\040\000d\000e\000\040\000r\000e\000u\000n\000i\000\363\000n\000\040\000T\000F\000G\000\040\000\050\0002\0009\000/\0000\0004\000/\0002\0000\0002\0005\000\051}{appendix.Alph3}% 149
\BOOKMARK [2][-]{subsection.Alph3.7.1}{\376\377\000O\000r\000d\000e\000n\000\040\000d\000e\000l\000\040\000d\000\355\000a}{section.Alph3.7}% 150
\BOOKMARK [2][-]{subsection.Alph3.7.2}{\376\377\000R\000e\000s\000u\000m\000e\000n\000\040\000d\000e\000\040\000l\000a\000\040\000r\000e\000u\000n\000i\000\363\000n}{section.Alph3.7}% 151
\BOOKMARK [2][-]{subsection.Alph3.7.3}{\376\377\000E\000s\000t\000a\000d\000o\000\040\000d\000e\000l\000\040\000p\000r\000o\000y\000e\000c\000t\000o}{section.Alph3.7}% 152
\BOOKMARK [2][-]{subsection.Alph3.7.4}{\376\377\000D\000e\000c\000i\000s\000i\000o\000n\000e\000s}{section.Alph3.7}% 153
\BOOKMARK [0][-]{appendix.Alph4}{\376\377\000D\000e\000t\000a\000l\000l\000e\000s\000\040\000d\000e\000\040\000e\000n\000t\000r\000e\000n\000a\000m\000i\000e\000n\000t\000o}{}% 154
\BOOKMARK [1][-]{section.Alph4.1}{\376\377\000C\000o\000n\000f\000i\000g\000u\000r\000a\000c\000i\000\363\000n\000\040\000d\000e\000l\000\040\000D\000a\000t\000a\000s\000e\000t\000\040\000y\000\040\000A\000r\000q\000u\000i\000t\000e\000c\000t\000u\000r\000a\000\040\000d\000e\000l\000\040\000M\000o\000d\000e\000l\000o}{appendix.Alph4}% 155
\BOOKMARK [1][-]{section.Alph4.2}{\376\377\000E\000s\000t\000r\000a\000t\000e\000g\000i\000a\000s\000\040\000d\000e\000\040\000E\000n\000t\000r\000e\000n\000a\000m\000i\000e\000n\000t\000o}{appendix.Alph4}% 156
\BOOKMARK [1][-]{section.Alph4.3}{\376\377\000M\000e\000t\000o\000d\000o\000l\000o\000g\000\355\000a\000\040\000E\000x\000p\000e\000r\000i\000m\000e\000n\000t\000a\000l}{appendix.Alph4}% 157
\BOOKMARK [1][-]{section.Alph4.4}{\376\377\000R\000e\000s\000u\000l\000t\000a\000d\000o\000s}{appendix.Alph4}% 158
\BOOKMARK [0][-]{appendix*.38}{\376\377\000B\000i\000b\000l\000i\000o\000g\000r\000a\000f\000\355\000a}{}% 159
